Handling lib "ca-bundle"...
The --lib flag was not given for it, checking repository
Prepared local dir: "/home/nuno/.mos/libs-1.18/ca-bundle-1.18"
Handling lib "rpc-service-config"...
The --lib flag was not given for it, checking repository
Prepared local dir: "/home/nuno/.mos/libs-1.18/rpc-service-config-1.18"
Handling lib "rpc-common"...
The --lib flag was not given for it, checking repository
Prepared local dir: "/home/nuno/.mos/libs-1.18/rpc-common-1.18"
Handling lib "http-server"...
Optional, skipping
Handling lib "rpc-service-fs"...
The --lib flag was not given for it, checking repository
Prepared local dir: "/home/nuno/.mos/libs-1.18/rpc-service-fs-1.18"
Handling lib "rpc-common"...
Already handled, skipping
Handling lib "rpc-uart"...
The --lib flag was not given for it, checking repository
Prepared local dir: "/home/nuno/.mos/libs-1.18/rpc-uart-1.18"
Handling lib "rpc-common"...
Already handled, skipping
Handling lib "wifi"...
The --lib flag was not given for it, checking repository
Prepared local dir: "/home/nuno/.mos/libs-1.18/wifi-1.18"
Handling lib "mjs"...
The --lib flag was not given for it, checking repository
Prepared local dir: "/home/nuno/.mos/libs-1.18/mjs-1.18"
Handling lib "mqtt"...
The --lib flag was not given for it, checking repository
Prepared local dir: "/home/nuno/.mos/libs-1.18/mqtt-1.18"
Handling lib "http-server"...
The --lib flag was not given for it, checking repository
Prepared local dir: "/home/nuno/.mos/libs-1.18/http-server-1.18"
Handling lib "atca"...
Optional, skipping
Handling lib "ethernet"...
Optional, skipping
Handling lib "wifi"...
Already handled, skipping
Handling lib "ota-http-client"...
The --lib flag was not given for it, checking repository
Prepared local dir: "/home/nuno/.mos/libs-1.18/ota-http-client-1.18"
Handling lib "rpc-service-ota"...
The --lib flag was not given for it, checking repository
Prepared local dir: "/home/nuno/.mos/libs-1.18/rpc-service-ota-1.18"
Handling lib "ota-http-client"...
Already handled, skipping
Handling lib "rpc-common"...
Already handled, skipping
Handling lib "blynk"...
The --lib flag was not given for it, checking repository
Prepared local dir: "/home/nuno/.mos/libs-1.18/blynk-1.18"
Handling lib "pwm"...
The --lib flag was not given for it, checking repository
Prepared local dir: "/home/nuno/.mos/libs-1.18/pwm-1.18"
Connecting to https://mongoose.cloud, user test
Uploading sources (3742 bytes)
